<?xml version="1.0" encoding="UTF-8"?>
<!-- Generated by org.testng.reporters.JUnitReportReporter -->
<testsuite hostname="TLNW-UXPWK0" name="com.icinfo.witest.testcase.NewTestCase" tests="1" failures="0" timestamp="14 Apr 2017 07:24:59 GMT" time="0.659" errors="0">
  <testcase name="LLogAdd" time="0.659" classname="com.icinfo.witest.testcase.NewTestCase"/>
</testsuite> <!-- com.icinfo.witest.testcase.NewTestCase -->
