<?xml version="1.0" encoding="UTF-8"?>
<!-- Generated by org.testng.reporters.JUnitReportReporter -->
<testsuite hostname="TLNW-UXPWK0" name="com.icinfo.llplatform.testcase.LLpasmodifyUpdatetime" tests="1" failures="0" timestamp="21 Apr 2017 03:23:19 GMT" time="7.974" errors="0">
  <testcase name="LLogAdd" time="7.974" classname="com.icinfo.llplatform.testcase.LLpasmodifyUpdatetime"/>
</testsuite> <!-- com.icinfo.llplatform.testcase.LLpasmodifyUpdatetime -->
