<?xml version="1.0" encoding="UTF-8"?>
<!-- Generated by org.testng.reporters.JUnitReportReporter -->
<testsuite hostname="TLNW-UXPWK0" name="com.icinfo.llplatform.testcase.LLlogAdd" tests="1" failures="0" timestamp="21 Apr 2017 02:52:36 GMT" time="0.566" errors="0">
  <testcase name="LLogAdd" time="0.566" classname="com.icinfo.llplatform.testcase.LLlogAdd"/>
</testsuite> <!-- com.icinfo.llplatform.testcase.LLlogAdd -->
